<?xml version="1.0" encoding="UTF-8"?>
<testsuite xmlns:xsi="http://www.w3.org/2001/XMLSchema-instance" xsi:noNamespaceSchemaLocation="https://maven.apache.org/surefire/maven-surefire-plugin/xsd/surefire-test-report.xsd" name="test.TesteSincronismo" time="39.782" tests="1" errors="1" skipped="0" failures="0">
  <properties>
[...]
</properties>
  <testcase name="testeSincronismo" classname="test.TesteSincronismo" time="39.782">
    <error message="Expected condition failed: waiting for presence of element located by: By.id: nomeCampo (tried for 30 second(s) with 500 milliseconds interval)" type="org.openqa.selenium.TimeoutException">org.openqa.selenium.TimeoutException: Expected condition failed: waiting for presence of element located by: By.id: nomeCampo (tried for 30 second(s) with 500 milliseconds interval)
	at test.TesteSincronismo.testeSincronismo(TesteSincronismo.java:33)
Caused by: org.openqa.selenium.NoSuchElementException: 
Unable to locate element: #nomeCampo
For documentation on this error, please visit: https://selenium.dev/exceptions/#no_such_element
Build info: version: '4.4.0', revision: 'e5c75ed026a'
System info: host: 'IBM-PF3R48XC', ip: '192.168.15.106', os.name: 'Windows 11', os.arch: 'amd64', os.version: '10.0', java.version: '18.0.2'
Driver info: org.openqa.selenium.firefox.FirefoxDriver
Command: [75727822-b69a-4c7d-aa07-420cc14e6c9a, findElement {using=id, value=nomeCampo}]
Capabilities {acceptInsecureCerts: true, browserName: firefox, browserVersion: 104.0.2, moz:accessibilityChecks: false, moz:buildID: 20220902153754, moz:debuggerAddress: localhost:59969, moz:geckodriverVersion: 0.31.0, moz:headless: false, moz:platformVersion: 10.0, moz:processID: 2128, moz:profile: C:\Users\017543~1\AppData\L..., moz:shutdownTimeout: 60000, moz:useNonSpecCompliantPointerOrigin: false, moz:webdriverClick: true, moz:windowless: false, pageLoadStrategy: normal, platformName: WINDOWS, proxy: Proxy(), se:cdp: ws://localhost:59969/devtoo..., se:cdpVersion: 85.0, setWindowRect: true, strictFileInteractability: false, timeouts: {implicit: 0, pageLoad: 300000, script: 30000}, unhandledPromptBehavior: dismiss and notify}
Session ID: 75727822-b69a-4c7d-aa07-420cc14e6c9a
	at test.TesteSincronismo.testeSincronismo(TesteSincronismo.java:33)
</error>
    <system-err><![CDATA[1663071823566	geckodriver	INFO	Listening on 127.0.0.1:647511663071823620	mozrunner::runner	INFO	Running command: "C:\\Program Files\\Mozilla Firefox\\firefox.exe" "--marionette" "--remote-debugging-port" "59969" "--remote-allow-hosts" "localhost" "--remote-allow-origins" "http://localhost:59969/" "-no-remote" "-profile" "C:\\Users\\017543~1\\AppData\\Local\\Temp\\rust_mozprofileDk7vcU"1663071825233	Marionette	INFO	Marionette enabled1663071825247	Marionette	INFO	Listening on port 58983WebDriver BiDi listening on ws://localhost:59969Read port: 589831663071825849	RemoteAgent	WARN	TLS certificate errors will be ignored for this sessionconsole.warn: SearchSettings: "get: No settings file exists, new profile?" (new NotFoundError("Could not open the file at C:\\Users\\017543~1\\AppData\\Local\\Temp\\rust_mozprofileDk7vcU\\search.json.mozlz4", (void 0)))DevTools listening on ws://localhost:59969/devtools/browser/7aaa1487-544e-4e56-855f-96c7ffee78caset. 13, 2022 9:23:49 AM org.openqa.selenium.remote.ProtocolHandshake createSession
INFO: Detected upstream dialect: W3C
]]></system-err>
  </testcase>
</testsuite>