<?xml version="1.0" encoding="UTF-8"?>
<testsuite xmlns:xsi="http://www.w3.org/2001/XMLSchema-instance" xsi:noNamespaceSchemaLocation="https://maven.apache.org/surefire/maven-surefire-plugin/xsd/surefire-test-report.xsd" name="test.TesteJanela" time="1.221" tests="2" errors="0" skipped="1" failures="0">
  <properties>
[...]
</properties>
  <testcase name="janelaTest" classname="test.TesteJanela" time="0">
    <skipped/>
  </testcase>
  <testcase name="widowHandlerTest" classname="test.TesteJanela" time="1.22"/>
</testsuite>